<?xml version="1.0" encoding="UTF-8"?>
<!-- Generated by org.testng.reporters.JUnitReportReporter -->
<testsuite skipped="0" hostname="Hayat" name="com.benchmark.testcases.home.VerifyOralReadingRecordReportsORR" tests="1" failures="0" timestamp="03 Jun 2019 08:07:52 GMT" time="33.270" errors="0">
  <testcase name="verifyRHO_TC3" time="33.270" classname="com.benchmark.testcases.home.VerifyOralReadingRecordReportsORR"/>
</testsuite> <!-- com.benchmark.testcases.home.VerifyOralReadingRecordReportsORR -->
