<?xml version="1.0" encoding="UTF-8"?>
<!-- Generated by org.testng.reporters.JUnitReportReporter -->
<testsuite skipped="0" hostname="Hayat" name="com.benchmark.test.BECBaseUITest" tests="1" failures="0" timestamp="04 Jun 2019 05:50:34 GMT" time="0.853" errors="0">
  <testcase name="TestSuites" time="0.853" classname="com.benchmark.test.BECBaseUITest"/>
</testsuite> <!-- com.benchmark.test.BECBaseUITest -->
