<?xml version="1.0" encoding="UTF-8"?>
<!-- Generated by org.testng.reporters.JUnitReportReporter -->
<testsuite skipped="0" hostname="Hayat" name="com.benchmark.testcases.home.VerifyLoginPageORR" tests="1" failures="0" timestamp="03 Jun 2019 10:41:32 GMT" time="6.674" errors="0">
  <testcase name="verifyLogin_TC1" time="6.674" classname="com.benchmark.testcases.home.VerifyLoginPageORR"/>
</testsuite> <!-- com.benchmark.testcases.home.VerifyLoginPageORR -->
