<?xml version="1.0" encoding="UTF-8"?>
<!-- Generated by org.testng.reporters.JUnitReportReporter -->
<testsuite skipped="0" hostname="Hayat" name="com.benchmark.testcases.RLP.VerifyRLPChartValidation" tests="1" failures="0" timestamp="04 Jun 2019 07:29:22 GMT" time="11.406" errors="0">
  <testcase name="verifyRLP_TC2" time="11.406" classname="com.benchmark.testcases.RLP.VerifyRLPChartValidation"/>
</testsuite> <!-- com.benchmark.testcases.RLP.VerifyRLPChartValidation -->
