<?xml version="1.0" encoding="UTF-8"?>
<!-- Generated by org.testng.reporters.JUnitReportReporter -->
<testsuite skipped="0" hostname="Hayat" name="com.benchmark.testcases.RLP.VerifyFilterFunctionalities" tests="1" failures="0" timestamp="04 Jun 2019 07:29:22 GMT" time="9.764" errors="0">
  <testcase name="verifyFilter_TC1" time="9.764" classname="com.benchmark.testcases.RLP.VerifyFilterFunctionalities"/>
</testsuite> <!-- com.benchmark.testcases.RLP.VerifyFilterFunctionalities -->
